Flow report for multiprocessor
Sun Oct 13 23:18:44 2024
Quartus Prime Version 18.1.0 Build 625 09/12/2018 SJ Lite Edition


---------------------
; Table of Contents ;
---------------------
  1. Legal Notice
  2. Flow Summary
  3. Flow Settings
  4. Flow Non-Default Global Settings
  5. Flow Elapsed Time
  6. Flow OS Summary
  7. Flow Log
  8. Flow Messages
  9. Flow Suppressed Messages



----------------
; Legal Notice ;
----------------
Copyright (C) 2018  Intel Corporation. All rights reserved.
Your use of Intel Corporation's design tools, logic functions 
and other software and tools, and its AMPP partner logic 
functions, and any output files from any of the foregoing 
(including device programming or simulation files), and any 
associated documentation or information are expressly subject 
to the terms and conditions of the Intel Program License 
Subscription Agreement, the Intel Quartus Prime License Agreement,
the Intel FPGA IP License Agreement, or other applicable license
agreement, including, without limitation, that your use is for
the sole purpose of programming logic devices manufactured by
Intel and sold by Intel or its authorized distributors.  Please
refer to the applicable agreement for further details.



+----------------------------------------------------------------------------------+
; Flow Summary                                                                     ;
+------------------------------------+---------------------------------------------+
; Flow Status                        ; Successful - Sun Oct 13 23:18:38 2024       ;
; Quartus Prime Version              ; 18.1.0 Build 625 09/12/2018 SJ Lite Edition ;
; Revision Name                      ; multiprocessor                              ;
; Top-level Entity Name              ; top_inst                                    ;
; Family                             ; Cyclone IV E                                ;
; Device                             ; EP4CE115F29C7                               ;
; Timing Models                      ; Final                                       ;
; Total logic elements               ; 14,505 / 114,480 ( 13 % )                   ;
;     Total combinational functions  ; 12,780 / 114,480 ( 11 % )                   ;
;     Dedicated logic registers      ; 8,729 / 114,480 ( 8 % )                     ;
; Total registers                    ; 8848                                        ;
; Total pins                         ; 68 / 529 ( 13 % )                           ;
; Total virtual pins                 ; 0                                           ;
; Total memory bits                  ; 769,216 / 3,981,312 ( 19 % )                ;
; Embedded Multiplier 9-bit elements ; 24 / 532 ( 5 % )                            ;
; Total PLLs                         ; 1 / 4 ( 25 % )                              ;
+------------------------------------+---------------------------------------------+


+-----------------------------------------+
; Flow Settings                           ;
+-------------------+---------------------+
; Option            ; Setting             ;
+-------------------+---------------------+
; Start date & time ; 10/13/2024 23:16:22 ;
; Main task         ; Compilation         ;
; Revision Name     ; multiprocessor      ;
+-------------------+---------------------+


+---------------------------------------------------------------------------------------------------------------------------------------------+
; Flow Non-Default Global Settings                                                                                                            ;
+-------------------------------------+-------------------------------------------------------+----------------+-------------+----------------+
; Assignment Name                     ; Value                                                 ; Default Value  ; Entity Name ; Section Id     ;
+-------------------------------------+-------------------------------------------------------+----------------+-------------+----------------+
; COMPILER_SIGNATURE_ID               ; 268582418701205.172881458218948                       ; --             ; --          ; --             ;
; EDA_OUTPUT_DATA_FORMAT              ; None                                                  ; --             ; --          ; eda_simulation ;
; MAX_CORE_JUNCTION_TEMP              ; 85                                                    ; --             ; --          ; --             ;
; MIN_CORE_JUNCTION_TEMP              ; 0                                                     ; --             ; --          ; --             ;
; MISC_FILE                           ; top/synthesis/../top.cmp                              ; --             ; --          ; --             ;
; MISC_FILE                           ; top/synthesis/../../top.qsys                          ; --             ; --          ; --             ;
; NOMINAL_CORE_SUPPLY_VOLTAGE         ; 1.2V                                                  ; --             ; --          ; --             ;
; NUM_PARALLEL_PROCESSORS             ; All                                                   ; --             ; --          ; --             ;
; PARTITION_COLOR                     ; -- (Not supported for targeted family)                ; --             ; top_inst    ; Top            ;
; PARTITION_FITTER_PRESERVATION_LEVEL ; -- (Not supported for targeted family)                ; --             ; top_inst    ; Top            ;
; PARTITION_NETLIST_TYPE              ; -- (Not supported for targeted family)                ; --             ; top_inst    ; Top            ;
; POWER_BOARD_THERMAL_MODEL           ; None (CONSERVATIVE)                                   ; --             ; --          ; --             ;
; POWER_PRESET_COOLING_SOLUTION       ; 23 MM HEAT SINK WITH 200 LFPM AIRFLOW                 ; --             ; --          ; --             ;
; PROJECT_OUTPUT_DIRECTORY            ; output_files                                          ; --             ; --          ; --             ;
; SLD_FILE                            ; top/synthesis/top.regmap                              ; --             ; --          ; --             ;
; SLD_FILE                            ; top/synthesis/top.debuginfo                           ; --             ; --          ; --             ;
; SLD_INFO                            ; QSYS_NAME top HAS_SOPCINFO 1 GENERATION_ID 1728814527 ; --             ; top         ; --             ;
; SOPCINFO_FILE                       ; top/synthesis/../../top.sopcinfo                      ; --             ; --          ; --             ;
; SYNTHESIS_ONLY_QIP                  ; On                                                    ; --             ; --          ; --             ;
; TOP_LEVEL_ENTITY                    ; top_inst                                              ; multiprocessor ; --          ; --             ;
+-------------------------------------+-------------------------------------------------------+----------------+-------------+----------------+


+--------------------------------------------------------------------------------------------------------------------------+
; Flow Elapsed Time                                                                                                        ;
+----------------------+--------------+-------------------------+---------------------+------------------------------------+
; Module Name          ; Elapsed Time ; Average Processors Used ; Peak Virtual Memory ; Total CPU Time (on all processors) ;
+----------------------+--------------+-------------------------+---------------------+------------------------------------+
; Analysis & Synthesis ; 00:01:21     ; 1.0                     ; 5224 MB             ; 00:01:02                           ;
; Fitter               ; 00:00:40     ; 1.1                     ; 6006 MB             ; 00:00:36                           ;
; Assembler            ; 00:00:04     ; 1.0                     ; 4753 MB             ; 00:00:03                           ;
; Timing Analyzer      ; 00:00:05     ; 1.3                     ; 5008 MB             ; 00:00:05                           ;
; Total                ; 00:02:10     ; --                      ; --                  ; 00:01:46                           ;
+----------------------+--------------+-------------------------+---------------------+------------------------------------+


+------------------------------------------------------------------------------------+
; Flow OS Summary                                                                    ;
+----------------------+------------------+------------+------------+----------------+
; Module Name          ; Machine Hostname ; OS Name    ; OS Version ; Processor type ;
+----------------------+------------------+------------+------------+----------------+
; Analysis & Synthesis ; Belal            ; Windows 10 ; 10.0       ; x86_64         ;
; Fitter               ; Belal            ; Windows 10 ; 10.0       ; x86_64         ;
; Assembler            ; Belal            ; Windows 10 ; 10.0       ; x86_64         ;
; Timing Analyzer      ; Belal            ; Windows 10 ; 10.0       ; x86_64         ;
+----------------------+------------------+------------+------------+----------------+


------------
; Flow Log ;
------------
quartus_map --read_settings_files=on --write_settings_files=off multiprocessor -c multiprocessor
quartus_fit --read_settings_files=off --write_settings_files=off multiprocessor -c multiprocessor
quartus_asm --read_settings_files=off --write_settings_files=off multiprocessor -c multiprocessor
quartus_sta multiprocessor -c multiprocessor



