EDA Netlist Writer report for multiprocessor
Sun Oct 13 22:55:06 2024
Quartus Prime Version 18.1.0 Build 625 09/12/2018 SJ Lite Edition


---------------------
; Table of Contents ;
---------------------
  1. Legal Notice
  2. EDA Netlist Writer Summary
  3. EDA Netlist Writer Messages



----------------
; Legal Notice ;
----------------
Copyright (C) 2018  Intel Corporation. All rights reserved.
Your use of Intel Corporation's design tools, logic functions 
and other software and tools, and its AMPP partner logic 
functions, and any output files from any of the foregoing 
(including device programming or simulation files), and any 
associated documentation or information are expressly subject 
to the terms and conditions of the Intel Program License 
Subscription Agreement, the Intel Quartus Prime License Agreement,
the Intel FPGA IP License Agreement, or other applicable license
agreement, including, without limitation, that your use is for
the sole purpose of programming logic devices manufactured by
Intel and sold by Intel or its authorized distributors.  Please
refer to the applicable agreement for further details.



+---------------------------------------------------------------+
; EDA Netlist Writer Summary                                    ;
+---------------------------+-----------------------------------+
; EDA Netlist Writer Status ; Failed - Sun Oct 13 22:55:06 2024 ;
; Revision Name             ; multiprocessor                    ;
; Top-level Entity Name     ; top_inst                          ;
; Family                    ; Cyclone IV E                      ;
+---------------------------+-----------------------------------+


+-----------------------------+
; EDA Netlist Writer Messages ;
+-----------------------------+
Info: *******************************************************************
Info: Running Quartus Prime EDA Netlist Writer
    Info: Version 18.1.0 Build 625 09/12/2018 SJ Lite Edition
    Info: Processing started: Sun Oct 13 22:55:04 2024
Info: Command: quartus_eda --read_settings_files=off --write_settings_files=off multiprocessor -c multiprocessor
Error (204012): Can't generate netlist output files because the file "C:/COMPSYS700 - SOPC/top/synthesis/submodules/top_cpu_1_cpu.v" is an OpenCore Plus time-limited file. Remove the unlicensed cores or obtain a license for those OpenCore Plus time-limited IP cores used in the design. The Intel FPGA Knowledge Database contains many articles with specific details on how to resolve this error. Visit the Knowledge Database at https://www.altera.com/support/support-resources/knowledge-base/search.html and search for this specific error message number.
Error (204012): Can't generate netlist output files because the file "C:/COMPSYS700 - SOPC/top/synthesis/submodules/top_cpu_0_cpu.v" is an OpenCore Plus time-limited file. Remove the unlicensed cores or obtain a license for those OpenCore Plus time-limited IP cores used in the design. The Intel FPGA Knowledge Database contains many articles with specific details on how to resolve this error. Visit the Knowledge Database at https://www.altera.com/support/support-resources/knowledge-base/search.html and search for this specific error message number.
Error (204009): Can't generate netlist output files because the license for encrypted file "C:/COMPSYS700 - SOPC/top/synthesis/submodules/top_cpu_1_cpu.v" is not available
Error (204009): Can't generate netlist output files because the license for encrypted file "C:/COMPSYS700 - SOPC/top/synthesis/submodules/top_cpu_0_cpu.v" is not available
Error (204012): Can't generate netlist output files because the file "C:/COMPSYS700 - SOPC/top/synthesis/submodules/top_cpu_1_cpu.v" is an OpenCore Plus time-limited file. Remove the unlicensed cores or obtain a license for those OpenCore Plus time-limited IP cores used in the design. The Intel FPGA Knowledge Database contains many articles with specific details on how to resolve this error. Visit the Knowledge Database at https://www.altera.com/support/support-resources/knowledge-base/search.html and search for this specific error message number.
Error (204012): Can't generate netlist output files because the file "C:/COMPSYS700 - SOPC/top/synthesis/submodules/top_cpu_0_cpu.v" is an OpenCore Plus time-limited file. Remove the unlicensed cores or obtain a license for those OpenCore Plus time-limited IP cores used in the design. The Intel FPGA Knowledge Database contains many articles with specific details on how to resolve this error. Visit the Knowledge Database at https://www.altera.com/support/support-resources/knowledge-base/search.html and search for this specific error message number.
Error (204009): Can't generate netlist output files because the license for encrypted file "C:/COMPSYS700 - SOPC/top/synthesis/submodules/top_cpu_1_cpu.v" is not available
Error (204009): Can't generate netlist output files because the license for encrypted file "C:/COMPSYS700 - SOPC/top/synthesis/submodules/top_cpu_0_cpu.v" is not available
Error (204012): Can't generate netlist output files because the file "C:/COMPSYS700 - SOPC/top/synthesis/submodules/top_cpu_1_cpu.v" is an OpenCore Plus time-limited file. Remove the unlicensed cores or obtain a license for those OpenCore Plus time-limited IP cores used in the design. The Intel FPGA Knowledge Database contains many articles with specific details on how to resolve this error. Visit the Knowledge Database at https://www.altera.com/support/support-resources/knowledge-base/search.html and search for this specific error message number.
Error (204012): Can't generate netlist output files because the file "C:/COMPSYS700 - SOPC/top/synthesis/submodules/top_cpu_0_cpu.v" is an OpenCore Plus time-limited file. Remove the unlicensed cores or obtain a license for those OpenCore Plus time-limited IP cores used in the design. The Intel FPGA Knowledge Database contains many articles with specific details on how to resolve this error. Visit the Knowledge Database at https://www.altera.com/support/support-resources/knowledge-base/search.html and search for this specific error message number.
Error (204009): Can't generate netlist output files because the license for encrypted file "C:/COMPSYS700 - SOPC/top/synthesis/submodules/top_cpu_1_cpu.v" is not available
Error (204009): Can't generate netlist output files because the license for encrypted file "C:/COMPSYS700 - SOPC/top/synthesis/submodules/top_cpu_0_cpu.v" is not available
Error: Quartus Prime EDA Netlist Writer was unsuccessful. 12 errors, 0 warnings
    Error: Peak virtual memory: 4718 megabytes
    Error: Processing ended: Sun Oct 13 22:55:06 2024
    Error: Elapsed time: 00:00:02
    Error: Total CPU time (on all processors): 00:00:02


