23:23:06 **** Build of configuration Nios II for project multiprocessorcpu0 ****
make all 
Info: Building ../multiprocessorcpu0_bsp/
C:/intelFPGA_lite/18.1/nios2eds/bin/gnu/H-x86_64-mingw32/bin/make --no-print-directory -C ../multiprocessorcpu0_bsp/
[BSP build complete]
Info: Compiling maincpu0.c to obj/default/maincpu0.o
nios2-elf-gcc -xc -MP -MMD -c -I../multiprocessorcpu0_bsp//HAL/inc -I../multiprocessorcpu0_bsp/ -I../multiprocessorcpu0_bsp//drivers/inc  -pipe -D__hal__ -DALT_NO_INSTRUCTION_EMULATION -DALT_SINGLE_THREADED    -O0 -g -Wall   -mno-hw-div -mhw-mul -mno-hw-mulx -mgpopt=global  -o obj/default/maincpu0.o maincpu0.c
Info: Linking multiprocessorcpu0.elf
nios2-elf-g++  -T'../multiprocessorcpu0_bsp//linker.x' -msys-crt0='../multiprocessorcpu0_bsp//obj/HAL/src/crt0.o' -msys-lib=hal_bsp -L../multiprocessorcpu0_bsp/   -Wl,-Map=multiprocessorcpu0.map   -O0 -g -Wall   -mno-hw-div -mhw-mul -mno-hw-mulx -mgpopt=global  -o multiprocessorcpu0.elf obj/default/maincpu0.o -lm -msys-lib=m
nios2-elf-insert multiprocessorcpu0.elf --thread_model hal --cpu_name cpu_0 --qsys true --simulation_enabled false --id 0 --sidp 0x8001038 --timestamp 1728814527 --stderr_dev jtag_uart0 --stdin_dev jtag_uart0 --stdout_dev jtag_uart0 --sopc_system_name top --quartus_project_dir "C:/COMPSYS700SOPC" --jdi ../..//output_files/multiprocessor.jdi --sopcinfo C:/COMPSYS700SOPC/software/multiprocessorcpu0_bsp/../../top.sopcinfo
Info: (multiprocessorcpu0.elf) 70 KBytes program size (code + initialized data).
Info:                          16306 KBytes free for stack + heap.
Info: Creating multiprocessorcpu0.objdump
nios2-elf-objdump --disassemble --syms --all-header --source multiprocessorcpu0.elf >multiprocessorcpu0.objdump
[multiprocessorcpu0 build complete]
23:23:23 **** Incremental Build of configuration Nios II for project multiprocessorcpu0 ****
make all 
Info: Building ../multiprocessorcpu0_bsp/
C:/intelFPGA_lite/18.1/nios2eds/bin/gnu/H-x86_64-mingw32/bin/make --no-print-directory -C ../multiprocessorcpu0_bsp/
[BSP build complete]
[multiprocessorcpu0 build complete]
